<?xml version="1.0" encoding="UTF-8"?>
<!-- Generated by org.testng.reporters.JUnitReportReporter -->
<testsuite hostname="Zeeshans-MacBook-Air.local" failures="0" tests="1" name="zeeshanMalikAcademy.tests.ErrorValidations" time="13.615" errors="0" timestamp="2024-01-10T11:19:17 IST" skipped="0">
  <testcase classname="zeeshanMalikAcademy.tests.ErrorValidations" name="submitOrder" time="13.615"/>
  <system-out/>
</testsuite> <!-- zeeshanMalikAcademy.tests.ErrorValidations -->
